020-02-09 http://rt.dave.ai/download/a3l4em.jpg 0-2
020-03-10 http://rt.dave.ai/download/a3l4em.jpg 0-2
020-03-12 http://rt.dave.ai/download/a3l4em.jpg 0-2
020-03-13 http://rt.dave.ai/download/xsbWZw.jpg 0-2
020-03-14 http://rt.dave.ai/download/xsbWZw.jpg 0-2
020-03-15 http://rt.dave.ai/download/xsbWZw.jpg 0-2
021-02-07 http://rt.dave.ai/download/JweXcx.jpg 0-2
021-02-08 http://rt.dave.ai/download/JweXcx.jpg 0-2
021-02-08 http://rt.dave.ai/download/a3l4em.jpg 0-2
021-06-04 http://rt.dave.ai/download/MC44M2.jpg 0-2
021-06-04 http://rt.dave.ai/download/MTYyMj.jpg 0-2
021-06-04 http://rt.dave.ai/download/c4NTgz.jpg 0-2
021-06-04 https://rt.dave.ai/download/MC44M2.jpg 0-2
021-06-04 https://rt.dave.ai/download/MTYyMj.jpg 0-2
021-06-04 https://rt.dave.ai/download/c4NTgz.jpg 0-2
021-06-05 http://rt.dave.ai/download/MC44M2.jpg 0-2
021-06-05 https://rt.dave.ai/download/MC44M2.jpg 0-2
021-06-06 http://rt.dave.ai/download/MC44M2.jpg 0-2
021-06-06 https://rt.dave.ai/download/MC44M2.jpg 0-2
021-06-07 http://rt.dave.ai/download/JweXcx.jpg 0-2
021-06-07 https://rt.dave.ai/download/JweXcx.jpg 0-2
021-06-07 https://rt.dave.ai/download/JweXcx.jpg 0-2
021-06-08 https://rt.dave.ai/download/JweXcx.jpg 0-2
021-06-08 https://rt.dave.ai/download/a3l4em.jpg 0-2
021-06-09 https://rt.dave.ai/download/a3l4em.jpg 0-2
021-06-10 https://rt.dave.ai/download/a3l4em.jpg 0-2
021-06-12 https://rt.dave.ai/download/a3l4em.jpg 0-2
021-06-13 https://rt.dave.ai/download/xsbWZw.jpg 0-2
021-06-14 https://rt.dave.ai/download/xsbWZw.jpg 0-2
021-06-15 https://rt.dave.ai/download/xsbWZw.jpg 0-2
021-06-16 https://rt.dave.ai/download/10eXlt.jpg 0-2
021-06-20 https://rt.dave.ai/download/10eXlt.jpg 0-2
021-06-22 https://rt.dave.ai/download/10eXlt.jpg 0-2
021-06-23 https://rt.dave.ai/download/10eXlt.jpg 0-2
021-06-24 https://rt.dave.ai/download/10eXlt.jpg 0-2
