 http://rt.dave.ai/download/JweXcx.jpg
 http://rt.dave.ai/download/JweXcx.jpg
 http://rt.dave.ai/download/JweXcx.jpg
 http://rt.dave.ai/download/MC44M2.jpg
 http://rt.dave.ai/download/MC44M2.jpg
 http://rt.dave.ai/download/MC44M2.jpg
 http://rt.dave.ai/download/MTYyMj.jpg
 http://rt.dave.ai/download/a3l4em.jpg
 http://rt.dave.ai/download/a3l4em.jpg
 http://rt.dave.ai/download/a3l4em.jpg
 http://rt.dave.ai/download/a3l4em.jpg
 http://rt.dave.ai/download/c4NTgz.jpg
 http://rt.dave.ai/download/xsbWZw.jpg
 http://rt.dave.ai/download/xsbWZw.jpg
 http://rt.dave.ai/download/xsbWZw.jpg
 https://rt.dave.ai/download/10eXlt.jpg
 https://rt.dave.ai/download/10eXlt.jpg
 https://rt.dave.ai/download/10eXlt.jpg
 https://rt.dave.ai/download/10eXlt.jpg
 https://rt.dave.ai/download/10eXlt.jpg
 https://rt.dave.ai/download/JweXcx.jpg
 https://rt.dave.ai/download/JweXcx.jpg
 https://rt.dave.ai/download/JweXcx.jpg
 https://rt.dave.ai/download/MC44M2.jpg
 https://rt.dave.ai/download/MC44M2.jpg
 https://rt.dave.ai/download/MC44M2.jpg
 https://rt.dave.ai/download/MTYyMj.jpg
 https://rt.dave.ai/download/a3l4em.jpg
 https://rt.dave.ai/download/a3l4em.jpg
 https://rt.dave.ai/download/a3l4em.jpg
 https://rt.dave.ai/download/a3l4em.jpg
 https://rt.dave.ai/download/c4NTgz.jpg
 https://rt.dave.ai/download/xsbWZw.jpg
 https://rt.dave.ai/download/xsbWZw.jpg
 https://rt.dave.ai/download/xsbWZw.jpg
