020-02-09 ttp://rt.dave.ai/download/a3l4em.jpg
020-03-10 ttp://rt.dave.ai/download/a3l4em.jpg
020-03-12 ttp://rt.dave.ai/download/a3l4em.jpg
020-03-13 ttp://rt.dave.ai/download/xsbWZw.jpg
020-03-14 ttp://rt.dave.ai/download/xsbWZw.jpg
020-03-15 ttp://rt.dave.ai/download/xsbWZw.jpg
021-02-07 ttp://rt.dave.ai/download/JweXcx.jpg
021-02-08 ttp://rt.dave.ai/download/JweXcx.jpg
021-02-08 ttp://rt.dave.ai/download/a3l4em.jpg
021-06-04 ttp://rt.dave.ai/download/MC44M2.jpg
021-06-04 ttp://rt.dave.ai/download/MTYyMj.jpg
021-06-04 ttp://rt.dave.ai/download/c4NTgz.jpg
021-06-04 ttps://rt.dave.ai/download/MC44M2.jpg
021-06-04 ttps://rt.dave.ai/download/MTYyMj.jpg
021-06-04 ttps://rt.dave.ai/download/c4NTgz.jpg
021-06-05 ttp://rt.dave.ai/download/MC44M2.jpg
021-06-05 ttps://rt.dave.ai/download/MC44M2.jpg
021-06-06 ttp://rt.dave.ai/download/MC44M2.jpg
021-06-06 ttps://rt.dave.ai/download/MC44M2.jpg
021-06-07 ttp://rt.dave.ai/download/JweXcx.jpg
021-06-07 ttps://rt.dave.ai/download/JweXcx.jpg
021-06-07 ttps://rt.dave.ai/download/JweXcx.jpg
021-06-08 ttps://rt.dave.ai/download/JweXcx.jpg
021-06-08 ttps://rt.dave.ai/download/a3l4em.jpg
021-06-09 ttps://rt.dave.ai/download/a3l4em.jpg
021-06-10 ttps://rt.dave.ai/download/a3l4em.jpg
021-06-12 ttps://rt.dave.ai/download/a3l4em.jpg
021-06-13 ttps://rt.dave.ai/download/xsbWZw.jpg
021-06-14 ttps://rt.dave.ai/download/xsbWZw.jpg
021-06-15 ttps://rt.dave.ai/download/xsbWZw.jpg
021-06-16 ttps://rt.dave.ai/download/10eXlt.jpg
021-06-20 ttps://rt.dave.ai/download/10eXlt.jpg
021-06-22 ttps://rt.dave.ai/download/10eXlt.jpg
021-06-23 ttps://rt.dave.ai/download/10eXlt.jpg
021-06-24 ttps://rt.dave.ai/download/10eXlt.jpg
